  Game.cpp
D:\work\VisStudioProjects\snake\src\Headers\Game.h(71,65): warning C4244: 'argument': conversion from 'uint32_t' to 'T', possible loss of data
          with
          [
              T=float
          ]
D:\work\VisStudioProjects\snake\src\Headers\Game.h(71,53): warning C4244: 'argument': conversion from 'uint32_t' to 'T', possible loss of data
          with
          [
              T=float
          ]
D:\work\VisStudioProjects\snake\src\Source\Game.cpp(13,66): warning C4244: 'argument': conversion from 'T' to 'float', possible loss of data
          with
          [
              T=unsigned int
          ]
D:\work\VisStudioProjects\snake\src\Source\Game.cpp(13,46): warning C4244: 'argument': conversion from 'T' to 'float', possible loss of data
          with
          [
              T=unsigned int
          ]
D:\work\VisStudioProjects\snake\src\Source\Game.cpp(19,50): warning C4244: 'argument': conversion from 'uint32_t' to 'float', possible loss of data
D:\work\VisStudioProjects\snake\src\Source\Game.cpp(19,38): warning C4244: 'argument': conversion from 'uint32_t' to 'float', possible loss of data
D:\work\VisStudioProjects\snake\src\Source\Game.cpp(42,70): warning C4244: 'argument': conversion from 'T' to 'float', possible loss of data
          with
          [
              T=unsigned int
          ]
D:\work\VisStudioProjects\snake\src\Source\Game.cpp(42,50): warning C4244: 'argument': conversion from 'T' to 'float', possible loss of data
          with
          [
              T=unsigned int
          ]
D:\work\VisStudioProjects\snake\src\Source\Game.cpp(46,50): warning C4244: 'argument': conversion from 'uint32_t' to 'float', possible loss of data
D:\work\VisStudioProjects\snake\src\Source\Game.cpp(46,38): warning C4244: 'argument': conversion from 'uint32_t' to 'float', possible loss of data
LINK : warning LNK4075: ignoring '/INCREMENTAL' due to '/LTCG' specification
  Generating code
  1 of 1457 functions (<0.1%) were compiled, the rest were copied from previous compilation.
    0 functions were new in current compilation
    2 functions had inline decision re-evaluated but remain unchanged
  Finished generating code
  snake.vcxproj -> D:\work\VisStudioProjects\snake\x64\Release\snake.exe
